<?xml version="1.0" encoding="UTF-8"?>
<!-- Generated by org.testng.reporters.JUnitXMLReporter -->
<testsuite hostname="ITSL-DT15" ignored="0" name="Default test" tests="3" failures="0" timestamp="25 May 2018 10:48:37 GMT" time="60.657" errors="0">
  <testcase name="priceList_Title_Validation" time="0.03" classname="com.magento.qa.testcases.PricelistTest"/>
  <testcase name="priceList_Add" time="4.065" classname="com.magento.qa.testcases.PricelistTest"/>
  <testcase name="PriceList_Del" time="15.093" classname="com.magento.qa.testcases.PricelistTest"/>
</testsuite> <!-- Default test -->
