<?xml version="1.0" encoding="UTF-8"?>
<!-- Generated by org.testng.reporters.JUnitXMLReporter -->
<testsuite hostname="ITSL-DT15" ignored="0" name="Default test" tests="3" failures="0" timestamp="26 May 2018 13:46:21 GMT" time="67.625" errors="0">
  <testcase name="priceList_Title_Validation" time="0.023" classname="com.magento.qa.testcases.PricelistTest"/>
  <testcase name="priceList_Add" time="4.431" classname="com.magento.qa.testcases.PricelistTest"/>
  <testcase name="prod_assign" time="20.446" classname="com.magento.qa.testcases.PricelistTest"/>
</testsuite> <!-- Default test -->
