<?xml version="1.0" encoding="UTF-8"?>
<testng-results skipped="0" failed="0" ignored="0" total="3" passed="3">
  <reporter-output>
  </reporter-output>
  <suite name="Default suite" duration-ms="60657" started-at="2018-05-25T10:47:37Z" finished-at="2018-05-25T10:48:37Z">
    <groups>
    </groups>
    <test name="Default test" duration-ms="60657" started-at="2018-05-25T10:47:37Z" finished-at="2018-05-25T10:48:37Z">
      <class name="com.magento.qa.testcases.PricelistTest">
        <test-method status="PASS" signature="SetUp()[pri:0, instance:com.magento.qa.testcases.PricelistTest@b7dd107]" name="SetUp" is-config="true" duration-ms="14310" started-at="2018-05-25T10:47:37Z" finished-at="2018-05-25T10:47:51Z">
          <reporter-output>
          </reporter-output>
        </test-method> <!-- SetUp -->
        <test-method status="PASS" signature="priceList_Title_Validation()[pri:1, instance:com.magento.qa.testcases.PricelistTest@b7dd107]" name="priceList_Title_Validation" duration-ms="30" started-at="2018-05-25T10:47:51Z" finished-at="2018-05-25T10:47:51Z">
          <reporter-output>
          </reporter-output>
        </test-method> <!-- priceList_Title_Validation -->
        <test-method status="PASS" signature="teardown()[pri:0, instance:com.magento.qa.testcases.PricelistTest@b7dd107]" name="teardown" is-config="true" duration-ms="707" started-at="2018-05-25T10:47:51Z" finished-at="2018-05-25T10:47:52Z">
          <reporter-output>
          </reporter-output>
        </test-method> <!-- teardown -->
        <test-method status="PASS" signature="SetUp()[pri:0, instance:com.magento.qa.testcases.PricelistTest@b7dd107]" name="SetUp" is-config="true" duration-ms="12238" started-at="2018-05-25T10:47:52Z" finished-at="2018-05-25T10:48:04Z">
          <reporter-output>
          </reporter-output>
        </test-method> <!-- SetUp -->
        <test-method status="PASS" signature="priceList_Add()[pri:2, instance:com.magento.qa.testcases.PricelistTest@b7dd107]" name="priceList_Add" duration-ms="4065" started-at="2018-05-25T10:48:04Z" finished-at="2018-05-25T10:48:08Z">
          <reporter-output>
          </reporter-output>
        </test-method> <!-- priceList_Add -->
        <test-method status="PASS" signature="teardown()[pri:0, instance:com.magento.qa.testcases.PricelistTest@b7dd107]" name="teardown" is-config="true" duration-ms="705" started-at="2018-05-25T10:48:08Z" finished-at="2018-05-25T10:48:09Z">
          <reporter-output>
          </reporter-output>
        </test-method> <!-- teardown -->
        <test-method status="PASS" signature="SetUp()[pri:0, instance:com.magento.qa.testcases.PricelistTest@b7dd107]" name="SetUp" is-config="true" duration-ms="12799" started-at="2018-05-25T10:48:09Z" finished-at="2018-05-25T10:48:22Z">
          <reporter-output>
          </reporter-output>
        </test-method> <!-- SetUp -->
        <test-method status="PASS" signature="PriceList_Del()[pri:3, instance:com.magento.qa.testcases.PricelistTest@b7dd107]" name="PriceList_Del" duration-ms="15093" started-at="2018-05-25T10:48:22Z" finished-at="2018-05-25T10:48:37Z">
          <reporter-output>
          </reporter-output>
        </test-method> <!-- PriceList_Del -->
        <test-method status="PASS" signature="teardown()[pri:0, instance:com.magento.qa.testcases.PricelistTest@b7dd107]" name="teardown" is-config="true" duration-ms="684" started-at="2018-05-25T10:48:37Z" finished-at="2018-05-25T10:48:37Z">
          <reporter-output>
          </reporter-output>
        </test-method> <!-- teardown -->
      </class> <!-- com.magento.qa.testcases.PricelistTest -->
    </test> <!-- Default test -->
  </suite> <!-- Default suite -->
</testng-results>
